<?xml version="1.0" encoding="UTF-8"?>
<testsuite name="models.BookCatalogTest" tests="5" skipped="0" failures="0" errors="0" timestamp="2024-11-25T11:02:11" hostname="AirsomthorMalin" time="0.013">
  <properties/>
  <testcase name="testAddABook()" classname="models.BookCatalogTest" time="0.005"/>
  <testcase name="testFindBook()" classname="models.BookCatalogTest" time="0.0"/>
  <testcase name="testFindBookIgnoringCase()" classname="models.BookCatalogTest" time="0.003"/>
  <testcase name="testFindBookWithExtraSpaces()" classname="models.BookCatalogTest" time="0.001"/>
  <testcase name="testFindBookThatDoesntExist()" classname="models.BookCatalogTest" time="0.001"/>
  <system-out><![CDATA[]]></system-out>
  <system-err><![CDATA[]]></system-err>
</testsuite>
